c:\users\user\visualstudio2022\project\dx11_2d\dx2d_221013_몬스터_추적_과제\dx2d\x64\debug\vc143.pdb
c:\users\user\visualstudio2022\project\dx11_2d\dx2d_221013_몬스터_추적_과제\dx2d\x64\debug\vc143.idb
c:\users\user\visualstudio2022\project\dx11_2d\dx2d_221013_몬스터_추적_과제\dx2d\x64\debug\vertexshaer.obj
c:\users\user\visualstudio2022\project\dx11_2d\dx2d_221013_몬스터_추적_과제\dx2d\x64\debug\shader.obj
c:\users\user\visualstudio2022\project\dx11_2d\dx2d_221013_몬스터_추적_과제\dx2d\x64\debug\pixelshader.obj
c:\users\user\visualstudio2022\project\dx11_2d\dx2d_221013_몬스터_추적_과제\dx2d\x64\debug\texture.obj
c:\users\user\visualstudio2022\project\dx11_2d\dx2d_221013_몬스터_추적_과제\dx2d\x64\debug\rendertarget.obj
c:\users\user\visualstudio2022\project\dx11_2d\dx2d_221013_몬스터_추적_과제\dx2d\x64\debug\frame.obj
c:\users\user\visualstudio2022\project\dx11_2d\dx2d_221013_몬스터_추적_과제\dx2d\x64\debug\clip.obj
c:\users\user\visualstudio2022\project\dx11_2d\dx2d_221013_몬스터_추적_과제\dx2d\x64\debug\transform.obj
c:\users\user\visualstudio2022\project\dx11_2d\dx2d_221013_몬스터_추적_과제\dx2d\x64\debug\math.obj
c:\users\user\visualstudio2022\project\dx11_2d\dx2d_221013_몬스터_추적_과제\dx2d\x64\debug\environment.obj
c:\users\user\visualstudio2022\project\dx11_2d\dx2d_221013_몬스터_추적_과제\dx2d\x64\debug\camera.obj
c:\users\user\visualstudio2022\project\dx11_2d\dx2d_221013_몬스터_추적_과제\dx2d\x64\debug\device.obj
c:\users\user\visualstudio2022\project\dx11_2d\dx2d_221013_몬스터_추적_과제\dx2d\x64\debug\rectcollider.obj
c:\users\user\visualstudio2022\project\dx11_2d\dx2d_221013_몬스터_추적_과제\dx2d\x64\debug\linecollider.obj
c:\users\user\visualstudio2022\project\dx11_2d\dx2d_221013_몬스터_추적_과제\dx2d\x64\debug\collider.obj
c:\users\user\visualstudio2022\project\dx11_2d\dx2d_221013_몬스터_추적_과제\dx2d\x64\debug\circlecollider.obj
c:\users\user\visualstudio2022\project\dx11_2d\dx2d_221013_몬스터_추적_과제\dx2d\x64\debug\vertexbuffer.obj
c:\users\user\visualstudio2022\project\dx11_2d\dx2d_221013_몬스터_추적_과제\dx2d\x64\debug\indexbuffer.obj
c:\users\user\visualstudio2022\project\dx11_2d\dx2d_221013_몬스터_추적_과제\dx2d\x64\debug\constbuffer.obj
c:\users\user\visualstudio2022\project\dx11_2d\dx2d_221013_몬스터_추적_과제\dx2d\x64\debug\dx2d.obj
c:\users\user\visualstudio2022\project\dx11_2d\dx2d_221013_몬스터_추적_과제\dx2d\x64\debug\plane.obj
c:\users\user\visualstudio2022\project\dx11_2d\dx2d_221013_몬스터_추적_과제\dx2d\x64\debug\bulletmanager.obj
c:\users\user\visualstudio2022\project\dx11_2d\dx2d_221013_몬스터_추적_과제\dx2d\x64\debug\bullet.obj
c:\users\user\visualstudio2022\project\dx11_2d\dx2d_221013_몬스터_추적_과제\dx2d\x64\debug\cardmanager.obj
c:\users\user\visualstudio2022\project\dx11_2d\dx2d_221013_몬스터_추적_과제\dx2d\x64\debug\card.obj
c:\users\user\visualstudio2022\project\dx11_2d\dx2d_221013_몬스터_추적_과제\dx2d\x64\debug\effectmanager.obj
c:\users\user\visualstudio2022\project\dx11_2d\dx2d_221013_몬스터_추적_과제\dx2d\x64\debug\dog.obj
c:\users\user\visualstudio2022\project\dx11_2d\dx2d_221013_몬스터_추적_과제\dx2d\x64\debug\quad.obj
c:\users\user\visualstudio2022\project\dx11_2d\dx2d_221013_몬스터_추적_과제\dx2d\x64\debug\effect.obj
c:\users\user\visualstudio2022\project\dx11_2d\dx2d_221013_몬스터_추적_과제\dx2d\x64\debug\animobject.obj
c:\users\user\visualstudio2022\project\dx11_2d\dx2d_221013_몬스터_추적_과제\dx2d\x64\debug\node.obj
c:\users\user\visualstudio2022\project\dx11_2d\dx2d_221013_몬스터_추적_과제\dx2d\x64\debug\dnode.obj
c:\users\user\visualstudio2022\project\dx11_2d\dx2d_221013_몬스터_추적_과제\dx2d\x64\debug\dijkstra.obj
c:\users\user\visualstudio2022\project\dx11_2d\dx2d_221013_몬스터_추적_과제\dx2d\x64\debug\astar.obj
c:\users\user\visualstudio2022\project\dx11_2d\dx2d_221013_몬스터_추적_과제\dx2d\x64\debug\utility.obj
c:\users\user\visualstudio2022\project\dx11_2d\dx2d_221013_몬스터_추적_과제\dx2d\x64\debug\tinyxml2.obj
c:\users\user\visualstudio2022\project\dx11_2d\dx2d_221013_몬스터_추적_과제\dx2d\x64\debug\timer.obj
c:\users\user\visualstudio2022\project\dx11_2d\dx2d_221013_몬스터_추적_과제\dx2d\x64\debug\keyboard.obj
c:\users\user\visualstudio2022\project\dx11_2d\dx2d_221013_몬스터_추적_과제\dx2d\x64\debug\binarywriter.obj
c:\users\user\visualstudio2022\project\dx11_2d\dx2d_221013_몬스터_추적_과제\dx2d\x64\debug\binaryreader.obj
c:\users\user\visualstudio2022\project\dx11_2d\dx2d_221013_몬스터_추적_과제\dx2d\x64\debug\gamemanager.obj
c:\users\user\visualstudio2022\project\dx11_2d\dx2d_221013_몬스터_추적_과제\dx2d\x64\debug\tilescene.obj
c:\users\user\visualstudio2022\project\dx11_2d\dx2d_221013_몬스터_추적_과제\dx2d\x64\debug\texturescene.obj
c:\users\user\visualstudio2022\project\dx11_2d\dx2d_221013_몬스터_추적_과제\dx2d\x64\debug\tankscene.obj
c:\users\user\visualstudio2022\project\dx11_2d\dx2d_221013_몬스터_추적_과제\dx2d\x64\debug\shootingscene.obj
c:\users\user\visualstudio2022\project\dx11_2d\dx2d_221013_몬스터_추적_과제\dx2d\x64\debug\shaderscene.obj
c:\users\user\visualstudio2022\project\dx11_2d\dx2d_221013_몬스터_추적_과제\dx2d\x64\debug\rendertargetscene.obj
c:\users\user\visualstudio2022\project\dx11_2d\dx2d_221013_몬스터_추적_과제\dx2d\x64\debug\puzzlescene.obj
c:\users\user\visualstudio2022\project\dx11_2d\dx2d_221013_몬스터_추적_과제\dx2d\x64\debug\dijkstrascene.obj
c:\users\user\visualstudio2022\project\dx11_2d\dx2d_221013_몬스터_추적_과제\dx2d\x64\debug\collisionscene.obj
c:\users\user\visualstudio2022\project\dx11_2d\dx2d_221013_몬스터_추적_과제\dx2d\x64\debug\animationscene.obj
c:\users\user\visualstudio2022\project\dx11_2d\dx2d_221013_몬스터_추적_과제\dx2d\x64\debug\button.obj
c:\users\user\visualstudio2022\project\dx11_2d\dx2d_221013_몬스터_추적_과제\dx2d\x64\debug\tilemap.obj
c:\users\user\visualstudio2022\project\dx11_2d\dx2d_221013_몬스터_추적_과제\dx2d\x64\debug\tile.obj
c:\users\user\visualstudio2022\project\dx11_2d\dx2d_221013_몬스터_추적_과제\dx2d\x64\debug\tank.obj
c:\users\user\visualstudio2022\project\dx11_2d\dx2d_221013_몬스터_추적_과제\dx2d\x64\debug\gametilemap.obj
c:\users\user\visualstudio2022\project\dx11_2d\dx2d_221013_몬스터_추적_과제\dx2d\x64\debug\imguifiledialog.obj
c:\users\user\visualstudio2022\project\dx11_2d\dx2d_221013_몬스터_추적_과제\dx2d\x64\debug\monster.obj
c:\users\user\visualstudio2022\project\dx11_2d\dx2d_221013_몬스터_추적_과제\dx2d\x64\debug\dx2d.pch
c:\users\user\visualstudio2022\project\dx11_2d\dx2d_221013_몬스터_추적_과제\dx2d\x64\debug\framework.obj
c:\users\user\source\repos\dx2d\x64\debug\dx2d.lib
c:\users\user\source\repos\dx2d\x64\debug\dx2d.exp
c:\users\user\visualstudio2022\project\dx11_2d\dx2d_221013_몬스터_추적_과제\x64\debug\dx2d.lib
c:\users\user\visualstudio2022\project\dx11_2d\dx2d_221013_몬스터_추적_과제\x64\debug\dx2d.exp
c:\users\user\visualstudio2022\project\dx11_2d\dx2d_221013_몬스터_추적_과제\x64\debug\pixelcolor.cso
c:\users\user\visualstudio2022\project\dx11_2d\dx2d_221013_몬스터_추적_과제\x64\debug\pixelcustom.cso
c:\users\user\visualstudio2022\project\dx11_2d\dx2d_221013_몬스터_추적_과제\x64\debug\pixeleffect.cso
c:\users\user\visualstudio2022\project\dx11_2d\dx2d_221013_몬스터_추적_과제\x64\debug\pixelfilter.cso
c:\users\user\visualstudio2022\project\dx11_2d\dx2d_221013_몬스터_추적_과제\x64\debug\pixelgrayscale.cso
c:\users\user\visualstudio2022\project\dx11_2d\dx2d_221013_몬스터_추적_과제\x64\debug\pixellight.cso
c:\users\user\visualstudio2022\project\dx11_2d\dx2d_221013_몬스터_추적_과제\x64\debug\pixelmulti.cso
c:\users\user\visualstudio2022\project\dx11_2d\dx2d_221013_몬스터_추적_과제\x64\debug\pixeloutline.cso
c:\users\user\visualstudio2022\project\dx11_2d\dx2d_221013_몬스터_추적_과제\x64\debug\pixelpos.cso
c:\users\user\visualstudio2022\project\dx11_2d\dx2d_221013_몬스터_추적_과제\x64\debug\pixeluv.cso
c:\users\user\visualstudio2022\project\dx11_2d\dx2d_221013_몬스터_추적_과제\x64\debug\tutorial.cso
c:\users\user\visualstudio2022\project\dx11_2d\dx2d_221013_몬스터_추적_과제\x64\debug\vertexcolor.cso
c:\users\user\visualstudio2022\project\dx11_2d\dx2d_221013_몬스터_추적_과제\x64\debug\vertexpos.cso
c:\users\user\visualstudio2022\project\dx11_2d\dx2d_221013_몬스터_추적_과제\x64\debug\vertexuv.cso
c:\users\user\visualstudio2022\project\dx11_2d\dx2d_221013_몬스터_추적_과제\x64\debug\dx2d.exe
c:\users\user\visualstudio2022\project\dx11_2d\dx2d_221013_몬스터_추적_과제\dx2d\x64\debug\dx2d.ilk
c:\users\user\visualstudio2022\project\dx11_2d\dx2d_221013_몬스터_추적_과제\x64\debug\dx2d.pdb
c:\users\user\visualstudio2022\project\dx11_2d\dx2d_221013_몬스터_추적_과제\dx2d\x64\debug\dx2d.res
c:\users\user\visualstudio2022\project\dx11_2d\dx2d_221013_몬스터_추적_과제\dx2d\x64\debug\rectcollider.obj.enc
c:\users\user\visualstudio2022\project\dx11_2d\dx2d_221013_몬스터_추적_과제\dx2d\x64\debug\tankscene.obj.enc
c:\users\user\visualstudio2022\project\dx11_2d\dx2d_221013_몬스터_추적_과제\dx2d\x64\debug\dx2d.tlog\cl.command.1.tlog
c:\users\user\visualstudio2022\project\dx11_2d\dx2d_221013_몬스터_추적_과제\dx2d\x64\debug\dx2d.tlog\cl.read.1.tlog
c:\users\user\visualstudio2022\project\dx11_2d\dx2d_221013_몬스터_추적_과제\dx2d\x64\debug\dx2d.tlog\cl.write.1.tlog
c:\users\user\visualstudio2022\project\dx11_2d\dx2d_221013_몬스터_추적_과제\dx2d\x64\debug\dx2d.tlog\dx2d.write.1u.tlog
c:\users\user\visualstudio2022\project\dx11_2d\dx2d_221013_몬스터_추적_과제\dx2d\x64\debug\dx2d.tlog\fxc.command.1.tlog
c:\users\user\visualstudio2022\project\dx11_2d\dx2d_221013_몬스터_추적_과제\dx2d\x64\debug\dx2d.tlog\fxc.read.1.tlog
c:\users\user\visualstudio2022\project\dx11_2d\dx2d_221013_몬스터_추적_과제\dx2d\x64\debug\dx2d.tlog\fxc.write.1.tlog
c:\users\user\visualstudio2022\project\dx11_2d\dx2d_221013_몬스터_추적_과제\dx2d\x64\debug\dx2d.tlog\link.command.1.tlog
c:\users\user\visualstudio2022\project\dx11_2d\dx2d_221013_몬스터_추적_과제\dx2d\x64\debug\dx2d.tlog\link.read.1.tlog
c:\users\user\visualstudio2022\project\dx11_2d\dx2d_221013_몬스터_추적_과제\dx2d\x64\debug\dx2d.tlog\link.write.1.tlog
c:\users\user\visualstudio2022\project\dx11_2d\dx2d_221013_몬스터_추적_과제\dx2d\x64\debug\dx2d.tlog\rc.command.1.tlog
c:\users\user\visualstudio2022\project\dx11_2d\dx2d_221013_몬스터_추적_과제\dx2d\x64\debug\dx2d.tlog\rc.read.1.tlog
c:\users\user\visualstudio2022\project\dx11_2d\dx2d_221013_몬스터_추적_과제\dx2d\x64\debug\dx2d.tlog\rc.write.1.tlog
