c:\users\user\source\repos\dx2d\dx2d\x64\debug\vc143.pdb
c:\users\user\source\repos\dx2d\dx2d\x64\debug\vc143.idb
c:\users\user\source\repos\dx2d\dx2d\x64\debug\dx2d.obj
c:\users\user\source\repos\dx2d\x64\debug\tutorial.cso
c:\users\user\source\repos\dx2d\x64\debug\dx2d.exe
c:\users\user\source\repos\dx2d\dx2d\x64\debug\dx2d.ilk
c:\users\user\source\repos\dx2d\x64\debug\dx2d.pdb
c:\users\user\source\repos\dx2d\dx2d\x64\debug\dx2d.res
c:\users\user\source\repos\dx2d\dx2d\x64\debug\dx2d.tlog\cl.command.1.tlog
c:\users\user\source\repos\dx2d\dx2d\x64\debug\dx2d.tlog\cl.read.1.tlog
c:\users\user\source\repos\dx2d\dx2d\x64\debug\dx2d.tlog\cl.write.1.tlog
c:\users\user\source\repos\dx2d\dx2d\x64\debug\dx2d.tlog\fxc.command.1.tlog
c:\users\user\source\repos\dx2d\dx2d\x64\debug\dx2d.tlog\fxc.read.1.tlog
c:\users\user\source\repos\dx2d\dx2d\x64\debug\dx2d.tlog\fxc.write.1.tlog
c:\users\user\source\repos\dx2d\dx2d\x64\debug\dx2d.tlog\link.command.1.tlog
c:\users\user\source\repos\dx2d\dx2d\x64\debug\dx2d.tlog\link.read.1.tlog
c:\users\user\source\repos\dx2d\dx2d\x64\debug\dx2d.tlog\link.write.1.tlog
c:\users\user\source\repos\dx2d\dx2d\x64\debug\dx2d.tlog\rc.command.1.tlog
c:\users\user\source\repos\dx2d\dx2d\x64\debug\dx2d.tlog\rc.read.1.tlog
c:\users\user\source\repos\dx2d\dx2d\x64\debug\dx2d.tlog\rc.write.1.tlog
