  compilation object save succeeded; see C:\Users\USER\VisualStudio2022\Project\DX11_2D\DX2D_220921_비행기\x64\Debug\PixelColor.cso
  compilation object save succeeded; see C:\Users\USER\VisualStudio2022\Project\DX11_2D\DX2D_220921_비행기\x64\Debug\Tutorial.cso
  compilation object save succeeded; see C:\Users\USER\VisualStudio2022\Project\DX11_2D\DX2D_220921_비행기\x64\Debug\VertexColor.cso
  Framework.cpp
  DX2D.cpp
  ConstBuffer.cpp
  IndexBuffer.cpp
  VertexBuffer.cpp
  Device.cpp
C:\Users\USER\VisualStudio2022\Project\DX11_2D\DX2D_220921_비행기\DX2D\Framework\Device\Device.cpp(46,22): warning C4244: '=': 'UINT'에서 'FLOAT'(으)로 변환하면서 데이터가 손실될 수 있습니다.
C:\Users\USER\VisualStudio2022\Project\DX11_2D\DX2D_220921_비행기\DX2D\Framework\Device\Device.cpp(47,23): warning C4244: '=': 'UINT'에서 'FLOAT'(으)로 변환하면서 데이터가 손실될 수 있습니다.
  Transform.cpp
  PixelShader.cpp
  VertexShaer.cpp
  BinaryReader.cpp
  BinaryWriter.cpp
C:\Users\USER\VisualStudio2022\Project\DX11_2D\DX2D_220921_비행기\DX2D\Framework\Utilities\BinaryWriter.cpp(37,18): warning C4267: '인수': 'size_t'에서 'UINT'(으)로 변환하면서 데이터가 손실될 수 있습니다.
C:\Users\USER\VisualStudio2022\Project\DX11_2D\DX2D_220921_비행기\DX2D\Framework\Utilities\BinaryWriter.cpp(41,65): warning C4267: '인수': 'size_t'에서 'DWORD'(으)로 변환하면서 데이터가 손실될 수 있습니다.
C:\Users\USER\VisualStudio2022\Project\DX11_2D\DX2D_220921_비행기\DX2D\Framework\Utilities\BinaryWriter.cpp(46,18): warning C4267: '인수': 'size_t'에서 'UINT'(으)로 변환하면서 데이터가 손실될 수 있습니다.
C:\Users\USER\VisualStudio2022\Project\DX11_2D\DX2D_220921_비행기\DX2D\Framework\Utilities\BinaryWriter.cpp(50,66): warning C4267: '인수': 'size_t'에서 'DWORD'(으)로 변환하면서 데이터가 손실될 수 있습니다.
  Keyboard.cpp
  Timer.cpp
  Rect.cpp
C:\Users\USER\VisualStudio2022\Project\DX11_2D\DX2D_220921_비행기\DX2D\GameObject\Basic\Rect.cpp(21,40): warning C4267: '인수': 'size_t'에서 'UINT'(으)로 변환하면서 데이터가 손실될 수 있습니다.
C:\Users\USER\VisualStudio2022\Project\DX11_2D\DX2D_220921_비행기\DX2D\GameObject\Basic\Rect.cpp(23,63): warning C4267: '인수': 'size_t'에서 'UINT'(으)로 변환하면서 데이터가 손실될 수 있습니다.
C:\Users\USER\VisualStudio2022\Project\DX11_2D\DX2D_220921_비행기\DX2D\GameObject\Basic\Rect.cpp(48,38): warning C4267: '인수': 'size_t'에서 'UINT'(으)로 변환하면서 데이터가 손실될 수 있습니다.
C:\Users\USER\VisualStudio2022\Project\DX11_2D\DX2D_220921_비행기\DX2D\GameObject\Basic\Rect.cpp(58,55): warning C4267: '인수': 'size_t'에서 'UINT'(으)로 변환하면서 데이터가 손실될 수 있습니다.
C:\Program Files\Microsoft Visual Studio\2022\Community\VC\Tools\MSVC\14.33.31629\include\xmemory(682,68): warning C4244: '인수': '_Ty'에서 'float'(으)로 변환하면서 데이터가 손실될 수 있습니다.
          with
          [
              _Ty=int
          ]
C:\Program Files\Microsoft Visual Studio\2022\Community\VC\Tools\MSVC\14.33.31629\include\vector(829): message : 컴파일되는 함수 템플릿 인스턴스화 'void std::_Default_allocator_traits<_Alloc>::construct<_Ty,float&,float&,int,int,int>(_Alloc &,_Objty *const ,float &,float &,int &&,int &&,int &&)'에 대한 참조를 확인하세요.
          with
          [
              _Alloc=std::allocator<VertexColor>,
              _Ty=VertexColor,
              _Objty=VertexColor
          ]
C:\Program Files\Microsoft Visual Studio\2022\Community\VC\Tools\MSVC\14.33.31629\include\vector(840): message : 컴파일되는 함수 템플릿 인스턴스화 'void std::_Default_allocator_traits<_Alloc>::construct<_Ty,float&,float&,int,int,int>(_Alloc &,_Objty *const ,float &,float &,int &&,int &&,int &&)'에 대한 참조를 확인하세요.
          with
          [
              _Alloc=std::allocator<VertexColor>,
              _Ty=VertexColor,
              _Objty=VertexColor
          ]
C:\Program Files\Microsoft Visual Studio\2022\Community\VC\Tools\MSVC\14.33.31629\include\vector(816): message : 컴파일되는 함수 템플릿 인스턴스화 '_Ty &std::vector<_Ty,std::allocator<_Ty>>::_Emplace_back_with_unused_capacity<float&,float&,int,int,int>(float &,float &,int &&,int &&,int &&)'에 대한 참조를 확인하세요.
          with
          [
              _Ty=VertexColor
          ]
C:\Program Files\Microsoft Visual Studio\2022\Community\VC\Tools\MSVC\14.33.31629\include\vector(822): message : 컴파일되는 함수 템플릿 인스턴스화 '_Ty &std::vector<_Ty,std::allocator<_Ty>>::_Emplace_back_with_unused_capacity<float&,float&,int,int,int>(float &,float &,int &&,int &&,int &&)'에 대한 참조를 확인하세요.
          with
          [
              _Ty=VertexColor
          ]
C:\Program Files\Microsoft Visual Studio\2022\Community\VC\Tools\MSVC\14.33.31629\include\vector(902): message : 컴파일되는 함수 템플릿 인스턴스화 '_Ty &std::vector<_Ty,std::allocator<_Ty>>::_Emplace_one_at_back<float&,float&,int,int,int>(float &,float &,int &&,int &&,int &&)'에 대한 참조를 확인하세요.
          with
          [
              _Ty=VertexColor
          ]
C:\Program Files\Microsoft Visual Studio\2022\Community\VC\Tools\MSVC\14.33.31629\include\vector(904): message : 컴파일되는 함수 템플릿 인스턴스화 '_Ty &std::vector<_Ty,std::allocator<_Ty>>::_Emplace_one_at_back<float&,float&,int,int,int>(float &,float &,int &&,int &&,int &&)'에 대한 참조를 확인하세요.
          with
          [
              _Ty=VertexColor
          ]
C:\Users\USER\VisualStudio2022\Project\DX11_2D\DX2D_220921_비행기\DX2D\GameObject\Basic\Rect.cpp(13): message : 컴파일되는 함수 템플릿 인스턴스화 'void std::vector<VertexColor,std::allocator<VertexColor>>::emplace_back<float&,float&,int,int,int>(float &,float &,int &&,int &&,int &&)'에 대한 참조를 확인하세요.
  Triangle.cpp
C:\Users\USER\VisualStudio2022\Project\DX11_2D\DX2D_220921_비행기\DX2D\GameObject\Basic\Triangle.cpp(15,40): warning C4267: '인수': 'size_t'에서 'UINT'(으)로 변환하면서 데이터가 손실될 수 있습니다.
C:\Users\USER\VisualStudio2022\Project\DX11_2D\DX2D_220921_비행기\DX2D\GameObject\Basic\Triangle.cpp(17,63): warning C4267: '인수': 'size_t'에서 'UINT'(으)로 변환하면서 데이터가 손실될 수 있습니다.
C:\Users\USER\VisualStudio2022\Project\DX11_2D\DX2D_220921_비행기\DX2D\GameObject\Basic\Triangle.cpp(51,38): warning C4267: '인수': 'size_t'에서 'UINT'(으)로 변환하면서 데이터가 손실될 수 있습니다.
C:\Users\USER\VisualStudio2022\Project\DX11_2D\DX2D_220921_비행기\DX2D\GameObject\Basic\Triangle.cpp(61,55): warning C4267: '인수': 'size_t'에서 'UINT'(으)로 변환하면서 데이터가 손실될 수 있습니다.
C:\Program Files\Microsoft Visual Studio\2022\Community\VC\Tools\MSVC\14.33.31629\include\xmemory(682,68): warning C4244: '인수': '_Ty'에서 'float'(으)로 변환하면서 데이터가 손실될 수 있습니다.
          with
          [
              _Ty=int
          ]
C:\Program Files\Microsoft Visual Studio\2022\Community\VC\Tools\MSVC\14.33.31629\include\vector(829): message : 컴파일되는 함수 템플릿 인스턴스화 'void std::_Default_allocator_traits<_Alloc>::construct<_Ty,int,double,int,int,int>(_Alloc &,_Objty *const ,int &&,double &&,int &&,int &&,int &&)'에 대한 참조를 확인하세요.
          with
          [
              _Alloc=std::allocator<VertexColor>,
              _Ty=VertexColor,
              _Objty=VertexColor
          ]
C:\Program Files\Microsoft Visual Studio\2022\Community\VC\Tools\MSVC\14.33.31629\include\vector(840): message : 컴파일되는 함수 템플릿 인스턴스화 'void std::_Default_allocator_traits<_Alloc>::construct<_Ty,int,double,int,int,int>(_Alloc &,_Objty *const ,int &&,double &&,int &&,int &&,int &&)'에 대한 참조를 확인하세요.
          with
          [
              _Alloc=std::allocator<VertexColor>,
              _Ty=VertexColor,
              _Objty=VertexColor
          ]
C:\Program Files\Microsoft Visual Studio\2022\Community\VC\Tools\MSVC\14.33.31629\include\vector(816): message : 컴파일되는 함수 템플릿 인스턴스화 '_Ty &std::vector<_Ty,std::allocator<_Ty>>::_Emplace_back_with_unused_capacity<int,double,int,int,int>(int &&,double &&,int &&,int &&,int &&)'에 대한 참조를 확인하세요.
          with
          [
              _Ty=VertexColor
          ]
C:\Program Files\Microsoft Visual Studio\2022\Community\VC\Tools\MSVC\14.33.31629\include\vector(822): message : 컴파일되는 함수 템플릿 인스턴스화 '_Ty &std::vector<_Ty,std::allocator<_Ty>>::_Emplace_back_with_unused_capacity<int,double,int,int,int>(int &&,double &&,int &&,int &&,int &&)'에 대한 참조를 확인하세요.
          with
          [
              _Ty=VertexColor
          ]
C:\Program Files\Microsoft Visual Studio\2022\Community\VC\Tools\MSVC\14.33.31629\include\vector(902): message : 컴파일되는 함수 템플릿 인스턴스화 '_Ty &std::vector<_Ty,std::allocator<_Ty>>::_Emplace_one_at_back<int,double,int,int,int>(int &&,double &&,int &&,int &&,int &&)'에 대한 참조를 확인하세요.
          with
          [
              _Ty=VertexColor
          ]
C:\Program Files\Microsoft Visual Studio\2022\Community\VC\Tools\MSVC\14.33.31629\include\vector(904): message : 컴파일되는 함수 템플릿 인스턴스화 '_Ty &std::vector<_Ty,std::allocator<_Ty>>::_Emplace_one_at_back<int,double,int,int,int>(int &&,double &&,int &&,int &&,int &&)'에 대한 참조를 확인하세요.
          with
          [
              _Ty=VertexColor
          ]
C:\Users\USER\VisualStudio2022\Project\DX11_2D\DX2D_220921_비행기\DX2D\GameObject\Basic\Triangle.cpp(8): message : 컴파일되는 함수 템플릿 인스턴스화 'void std::vector<VertexColor,std::allocator<VertexColor>>::emplace_back<int,double,int,int,int>(int &&,double &&,int &&,int &&,int &&)'에 대한 참조를 확인하세요.
C:\Program Files\Microsoft Visual Studio\2022\Community\VC\Tools\MSVC\14.33.31629\include\xmemory(682,68): warning C4244: '인수': '_Ty'에서 'float'(으)로 변환하면서 데이터가 손실될 수 있습니다.
          with
          [
              _Ty=double
          ]
  Bullet.cpp
  BulletManager.cpp
  PlaneScene.cpp
  SolarSystemScene.cpp
  SRTScene.cpp
  TutorialScene.cpp
  코드를 생성하고 있습니다...
  컴파일하고 있습니다...
  GameManager.cpp
  코드를 생성하고 있습니다...
ImGui.lib(imgui_impl_win32.obj) : warning LNK4099: 'ImGui.pdb' PDB를 'ImGui.lib(imgui_impl_win32.obj)' 또는 'C:\Users\USER\VisualStudio2022\Project\DX11_2D\DX2D_220921_비행기\x64\Debug\ImGui.pdb'에서 찾을 수 없습니다. 디버그 정보가 없는 것처럼 개체를 링크합니다.
ImGui.lib(imgui_widgets.obj) : warning LNK4099: 'ImGui.pdb' PDB를 'ImGui.lib(imgui_widgets.obj)' 또는 'C:\Users\USER\VisualStudio2022\Project\DX11_2D\DX2D_220921_비행기\x64\Debug\ImGui.pdb'에서 찾을 수 없습니다. 디버그 정보가 없는 것처럼 개체를 링크합니다.
ImGui.lib(ImGui.obj) : warning LNK4099: 'ImGui.pdb' PDB를 'ImGui.lib(ImGui.obj)' 또는 'C:\Users\USER\VisualStudio2022\Project\DX11_2D\DX2D_220921_비행기\x64\Debug\ImGui.pdb'에서 찾을 수 없습니다. 디버그 정보가 없는 것처럼 개체를 링크합니다.
ImGui.lib(imgui_draw.obj) : warning LNK4099: 'ImGui.pdb' PDB를 'ImGui.lib(imgui_draw.obj)' 또는 'C:\Users\USER\VisualStudio2022\Project\DX11_2D\DX2D_220921_비행기\x64\Debug\ImGui.pdb'에서 찾을 수 없습니다. 디버그 정보가 없는 것처럼 개체를 링크합니다.
ImGui.lib(imgui_impl_dx11.obj) : warning LNK4099: 'ImGui.pdb' PDB를 'ImGui.lib(imgui_impl_dx11.obj)' 또는 'C:\Users\USER\VisualStudio2022\Project\DX11_2D\DX2D_220921_비행기\x64\Debug\ImGui.pdb'에서 찾을 수 없습니다. 디버그 정보가 없는 것처럼 개체를 링크합니다.
ImGui.lib(imgui_tables.obj) : warning LNK4099: 'ImGui.pdb' PDB를 'ImGui.lib(imgui_tables.obj)' 또는 'C:\Users\USER\VisualStudio2022\Project\DX11_2D\DX2D_220921_비행기\x64\Debug\ImGui.pdb'에서 찾을 수 없습니다. 디버그 정보가 없는 것처럼 개체를 링크합니다.
  DX2D.vcxproj -> C:\Users\USER\VisualStudio2022\Project\DX11_2D\DX2D_220921_비행기\x64\Debug\DX2D.exe
