c:\users\user\visualstudio2022\project\dx11_2d\dx2d_220923_weapon_과제\dx2d\x64\debug\vc143.pdb
c:\users\user\visualstudio2022\project\dx11_2d\dx2d_220923_weapon_과제\dx2d\x64\debug\vc143.idb
c:\users\user\visualstudio2022\project\dx11_2d\dx2d_220923_weapon_과제\dx2d\x64\debug\texturescene.obj
c:\users\user\visualstudio2022\project\dx11_2d\dx2d_220923_weapon_과제\dx2d\x64\debug\shootingscene.obj
c:\users\user\visualstudio2022\project\dx11_2d\dx2d_220923_weapon_과제\dx2d\x64\debug\plane.obj
c:\users\user\visualstudio2022\project\dx11_2d\dx2d_220923_weapon_과제\dx2d\x64\debug\bulletmanager.obj
c:\users\user\visualstudio2022\project\dx11_2d\dx2d_220923_weapon_과제\dx2d\x64\debug\bullet.obj
c:\users\user\visualstudio2022\project\dx11_2d\dx2d_220923_weapon_과제\dx2d\x64\debug\quad.obj
c:\users\user\visualstudio2022\project\dx11_2d\dx2d_220923_weapon_과제\dx2d\x64\debug\timer.obj
c:\users\user\visualstudio2022\project\dx11_2d\dx2d_220923_weapon_과제\dx2d\x64\debug\keyboard.obj
c:\users\user\visualstudio2022\project\dx11_2d\dx2d_220923_weapon_과제\dx2d\x64\debug\binarywriter.obj
c:\users\user\visualstudio2022\project\dx11_2d\dx2d_220923_weapon_과제\dx2d\x64\debug\binaryreader.obj
c:\users\user\visualstudio2022\project\dx11_2d\dx2d_220923_weapon_과제\dx2d\x64\debug\vertexshaer.obj
c:\users\user\visualstudio2022\project\dx11_2d\dx2d_220923_weapon_과제\dx2d\x64\debug\pixelshader.obj
c:\users\user\visualstudio2022\project\dx11_2d\dx2d_220923_weapon_과제\dx2d\x64\debug\texture.obj
c:\users\user\visualstudio2022\project\dx11_2d\dx2d_220923_weapon_과제\dx2d\x64\debug\transform.obj
c:\users\user\visualstudio2022\project\dx11_2d\dx2d_220923_weapon_과제\dx2d\x64\debug\environment.obj
c:\users\user\visualstudio2022\project\dx11_2d\dx2d_220923_weapon_과제\dx2d\x64\debug\device.obj
c:\users\user\visualstudio2022\project\dx11_2d\dx2d_220923_weapon_과제\dx2d\x64\debug\vertexbuffer.obj
c:\users\user\visualstudio2022\project\dx11_2d\dx2d_220923_weapon_과제\dx2d\x64\debug\indexbuffer.obj
c:\users\user\visualstudio2022\project\dx11_2d\dx2d_220923_weapon_과제\dx2d\x64\debug\constbuffer.obj
c:\users\user\visualstudio2022\project\dx11_2d\dx2d_220923_weapon_과제\dx2d\x64\debug\dx2d.obj
c:\users\user\visualstudio2022\project\dx11_2d\dx2d_220923_weapon_과제\dx2d\x64\debug\gamemanager.obj
c:\users\user\visualstudio2022\project\dx11_2d\dx2d_220923_weapon_과제\dx2d\x64\debug\weaponscene.obj
c:\users\user\visualstudio2022\project\dx11_2d\dx2d_220923_weapon_과제\dx2d\x64\debug\player.obj
c:\users\user\visualstudio2022\project\dx11_2d\dx2d_220923_weapon_과제\dx2d\x64\debug\gun.obj
c:\users\user\visualstudio2022\project\dx11_2d\dx2d_220923_weapon_과제\dx2d\x64\debug\dx2d.pch
c:\users\user\visualstudio2022\project\dx11_2d\dx2d_220923_weapon_과제\dx2d\x64\debug\framework.obj
c:\users\user\visualstudio2022\project\dx11_2d\dx2d_220923_weapon_과제\x64\debug\pixelcolor.cso
c:\users\user\visualstudio2022\project\dx11_2d\dx2d_220923_weapon_과제\x64\debug\pixeluv.cso
c:\users\user\visualstudio2022\project\dx11_2d\dx2d_220923_weapon_과제\x64\debug\tutorial.cso
c:\users\user\visualstudio2022\project\dx11_2d\dx2d_220923_weapon_과제\x64\debug\vertexcolor.cso
c:\users\user\visualstudio2022\project\dx11_2d\dx2d_220923_weapon_과제\x64\debug\vertexuv.cso
c:\users\user\visualstudio2022\project\dx11_2d\dx2d_220923_weapon_과제\x64\debug\dx2d.exe
c:\users\user\visualstudio2022\project\dx11_2d\dx2d_220923_weapon_과제\dx2d\x64\debug\dx2d.ilk
c:\users\user\visualstudio2022\project\dx11_2d\dx2d_220923_weapon_과제\x64\debug\dx2d.pdb
c:\users\user\visualstudio2022\project\dx11_2d\dx2d_220923_weapon_과제\dx2d\x64\debug\dx2d.res
c:\users\user\visualstudio2022\project\dx11_2d\dx2d_220923_weapon_과제\dx2d\x64\debug\dx2d.tlog\cl.command.1.tlog
c:\users\user\visualstudio2022\project\dx11_2d\dx2d_220923_weapon_과제\dx2d\x64\debug\dx2d.tlog\cl.read.1.tlog
c:\users\user\visualstudio2022\project\dx11_2d\dx2d_220923_weapon_과제\dx2d\x64\debug\dx2d.tlog\cl.write.1.tlog
c:\users\user\visualstudio2022\project\dx11_2d\dx2d_220923_weapon_과제\dx2d\x64\debug\dx2d.tlog\fxc.command.1.tlog
c:\users\user\visualstudio2022\project\dx11_2d\dx2d_220923_weapon_과제\dx2d\x64\debug\dx2d.tlog\fxc.read.1.tlog
c:\users\user\visualstudio2022\project\dx11_2d\dx2d_220923_weapon_과제\dx2d\x64\debug\dx2d.tlog\fxc.write.1.tlog
c:\users\user\visualstudio2022\project\dx11_2d\dx2d_220923_weapon_과제\dx2d\x64\debug\dx2d.tlog\link.command.1.tlog
c:\users\user\visualstudio2022\project\dx11_2d\dx2d_220923_weapon_과제\dx2d\x64\debug\dx2d.tlog\link.read.1.tlog
c:\users\user\visualstudio2022\project\dx11_2d\dx2d_220923_weapon_과제\dx2d\x64\debug\dx2d.tlog\link.write.1.tlog
c:\users\user\visualstudio2022\project\dx11_2d\dx2d_220923_weapon_과제\dx2d\x64\debug\dx2d.tlog\rc.command.1.tlog
c:\users\user\visualstudio2022\project\dx11_2d\dx2d_220923_weapon_과제\dx2d\x64\debug\dx2d.tlog\rc.read.1.tlog
c:\users\user\visualstudio2022\project\dx11_2d\dx2d_220923_weapon_과제\dx2d\x64\debug\dx2d.tlog\rc.write.1.tlog
